MSG_ALL OK
MSG_AUTO_HOME OK
MSG_AUTO_MODE_ON OK
MSG_BABYSTEP_Z OK
MSG_BABYSTEP_Z_NOT_SET OK
MSG_BED OK
MSG_BED_DONE OK
MSG_BED_HEATING OK
MSG_BED_LEVELING_FAILED_POINT_LOW OK
MSG_BED_SKEW_OFFSET_DETECTION_FITTING_FAILED OK
MSG_CALIBRATE_Z_AUTO OK
MSG_CARD_MENU OK
MSG_CONFIRM_NOZZLE_CLEAN OK
MSG_COOLDOWN OK
MSG_CRASH_DETECTED OK
MSG_CRASHDETECT_NA OK
MSG_CRASHDETECT_OFF OK
MSG_CRASHDETECT_ON OK
MSG_ENDSTOP_HIT OK
MSG_ENDSTOP_OPEN OK
MSG_ENDSTOPS_HIT OK
MSG_Enqueing OK
MSG_ERR_STOPPED OK
MSG_ERROR OK
MSG_EXTRUDER OK
MSG_FAN_SPEED OK
MSG_FILAMENT_CLEAN OK
MSG_FILAMENT_LOADING_T0 OK
MSG_FILAMENT_LOADING_T1 OK
MSG_FILAMENT_LOADING_T2 OK
MSG_FILAMENT_LOADING_T3 OK
MSG_FILAMENTCHANGE OK
MSG_FIND_BED_OFFSET_AND_SKEW_LINE1 OK
MSG_FIND_BED_OFFSET_AND_SKEW_LINE2 OK
MSG_FINISHING_MOVEMENTS OK
MSG_FOLLOW_CALIBRATION_FLOW OK
MSG_FSENS_AUTOLOAD_NA OK
MSG_FSENSOR_OFF OK
MSG_FSENSOR_ON OK
MSG_HEATING OK
MSG_HEATING_COMPLETE OK
MSG_HOMEYZ OK
MSG_CHOOSE_EXTRUDER OK
MSG_LOAD_FILAMENT OK
MSG_LOADING_FILAMENT OK
MSG_M117_V2_CALIBRATION OK
MSG_MAIN OK
MSG_MEASURE_BED_REFERENCE_HEIGHT_LINE1 OK
MSG_MEASURE_BED_REFERENCE_HEIGHT_LINE2 OK
MSG_MENU_CALIBRATION OK
MSG_NO OK
MSG_NOZZLE OK
MSG_OK OK
MSG_PAPER OK
MSG_PLACE_STEEL_SHEET OK
MSG_PLEASE_WAIT OK
MSG_POWERUP OK
MSG_PREHEAT_NOZZLE OK
MSG_PRESS_TO_UNLOAD OK
MSG_PRINT_ABORTED OK
MSG_PULL_OUT_FILAMENT OK
MSG_RECOVER_PRINT OK
MSG_REFRESH OK
MSG_REMOVE_STEEL_SHEET OK
MSG_SD_ERR_WRITE_TO_FILE OK
MSG_SD_OPEN_FILE_FAIL OK
MSG_SD_WORKDIR_FAIL OK
MSG_SELFTEST_COOLING_FAN OK
MSG_SELFTEST_EXTRUDER_FAN OK
MSG_SELFTEST_FAILED OK
MSG_SELFTEST_FAN OK
MSG_SELFTEST_FAN_NO OK
MSG_SELFTEST_FAN_YES OK
MSG_SELFTEST_CHECK_BED OK
MSG_SELFTEST_CHECK_FSENSOR OK
MSG_SELFTEST_MOTOR OK
MSG_SELFTEST_WIRINGERROR OK
MSG_SETTINGS OK
MSG_SILENT_MODE_OFF OK
MSG_SILENT_MODE_ON OK
MSG_STEALTH_MODE_OFF OK
MSG_STEALTH_MODE_ON OK
MSG_STEEL_SHEET_CHECK OK
MSG_STOP_PRINT OK
MSG_STOPPED OK
MSG_TEMP_CALIBRATION OK
MSG_TEMP_CALIBRATION_DONE OK
MSG_UNLOAD_FILAMENT OK
MSG_UNLOADING_FILAMENT OK
MSG_WATCH OK
MSG_WIZARD_CALIBRATION_FAILED OK
MSG_WIZARD_DONE OK
MSG_WIZARD_HEATING OK
MSG_WIZARD_QUIT OK
MSG_YES OK
WELCOME_MSG OK
