MSG_ADJUSTZ OK
MSG_AUTOLOAD_FILAMENT OK
MSG_AUTOLOADING_ENABLED OK
MSG_AUTOLOADING_ONLY_IF_FSENS_ON OK
MSG_BABYSTEPPING_X OK
MSG_BABYSTEPPING_Y OK
MSG_BABYSTEPPING_Z OK
MSG_BED_CORRECTION_FRONT OK
MSG_BED_CORRECTION_LEFT OK
MSG_BED_CORRECTION_MENU OK
MSG_BED_CORRECTION_REAR OK
MSG_BED_CORRECTION_RESET OK
MSG_BED_CORRECTION_RIGHT OK
MSG_BED_HEATING_SAFETY_DISABLED OK
MSG_BED_LEVELING_FAILED_POINT_HIGH OK
MSG_BED_LEVELING_FAILED_PROBE_DISCONNECTED OK
MSG_BED_SKEW_OFFSET_DETECTION_FAILED_FRONT_BOTH_FAR OK
MSG_BED_SKEW_OFFSET_DETECTION_FAILED_FRONT_LEFT_FAR OK
MSG_BED_SKEW_OFFSET_DETECTION_FAILED_FRONT_RIGHT_FAR OK
MSG_BED_SKEW_OFFSET_DETECTION_PERFECT OK
MSG_BED_SKEW_OFFSET_DETECTION_POINT_NOT_FOUND OK
MSG_BED_SKEW_OFFSET_DETECTION_SKEW_EXTREME OK
MSG_BED_SKEW_OFFSET_DETECTION_SKEW_MILD OK
MSG_BED_SKEW_OFFSET_DETECTION_WARNING_FRONT_BOTH_FAR OK
MSG_BED_SKEW_OFFSET_DETECTION_WARNING_FRONT_LEFT_FAR OK
MSG_BED_SKEW_OFFSET_DETECTION_WARNING_FRONT_RIGHT_FAR OK
MSG_BEGIN_FILE_LIST OK
MSG_CALIBRATE_BED OK
MSG_CALIBRATE_BED_RESET OK
MSG_CALIBRATE_E OK
MSG_CALIBRATE_PINDA OK
MSG_CALIBRATION_PINDA_MENU OK
MSG_CLEAN_NOZZLE_E OK
MSG_CNG_SDCARD OK
MSG_CONFIGURATION_VER OK
MSG_CONFIRM_CARRIAGE_AT_THE_TOP OK
MSG_CORRECTLY OK
MSG_CRASH_DET_ONLY_IN_NORMAL OK
MSG_CRASH_DET_STEALTH_FORCE_OFF OK
MSG_CURRENT OK
MSG_DATE OK
MSG_DEFAULT_SETTINGS_LOADED OK
MSG_DISABLE_STEPPERS OK
MSG_DWELL OK
MSG_E_CAL_KNOB OK
MSG_END_FILE_LIST OK
MSG_ERR_COLD_EXTRUDE_STOP OK
MSG_ERR_CHECKSUM_MISMATCH OK
MSG_ERR_KILLED OK
MSG_ERR_NO_CHECKSUM OK
MSG_ERR_NO_THERMISTORS OK
MSG_EXTRUDER_1 OK
MSG_EXTRUDER_2 OK
MSG_EXTRUDER_3 OK
MSG_EXTRUDER_4 OK
MSG_EXTRUDER_CORRECTION OK
MSG_EXTRUDER_CORRECTION_OFF OK
MSG_FACTOR OK
MSG_FANS_CHECK_OFF OK
MSG_FANS_CHECK_ON OK
MSG_FILAMENT_SENSOR OK
MSG_FILE_CNT OK
MSG_FILE_INCOMPLETE OK
MSG_FIND_BED_OFFSET_AND_SKEW_ITERATION OK
MSG_FLOW OK
MSG_FORCE_SELFTEST OK
MSG_FREE_MEMORY OK
MSG_FSENS_AUTOLOAD_OFF OK
MSG_FSENS_AUTOLOAD_ON OK
MSG_FSENS_NOT_RESPONDING OK
MSG_FSENSOR_NA OK
MSG_FW_VERSION_ALPHA OK
MSG_FW_VERSION_BETA OK
MSG_FW_VERSION_UNKNOWN OK
MSG_HOMEYZ_DONE OK
MSG_HOMEYZ_PROGRESS OK
MSG_CHANGE_EXTR OK
MSG_CHANGE_SUCCESS OK
MSG_CHANGED_BOTH OK
MSG_CHANGED_MOTHERBOARD OK
MSG_CHANGED_PRINTER OK
MSG_CHANGING_FILAMENT OK
MSG_CHECK_IDLER OK
MSG_IMPROVE_BED_OFFSET_AND_SKEW_LINE1 OK
MSG_IMPROVE_BED_OFFSET_AND_SKEW_LINE2 OK
MSG_INFO_EXTRUDER OK
MSG_INFO_NOZZLE_FAN OK
MSG_INFO_PRINT_FAN OK
MSG_INIT_SDCARD OK
MSG_INSERT_FILAMENT OK
MSG_KILLED OK
MSG_LANGUAGE_SELECT OK
MSG_LEFT OK
MSG_LOAD_ALL OK
MSG_LOAD_FILAMENT_1 OK
MSG_LOAD_FILAMENT_2 OK
MSG_LOAD_FILAMENT_3 OK
MSG_LOAD_FILAMENT_4 OK
MSG_LOADING_COLOR OK
MSG_LOOSE_PULLEY OK
MSG_M104_INVALID_EXTRUDER OK
MSG_M105_INVALID_EXTRUDER OK
MSG_M109_INVALID_EXTRUDER OK
MSG_M119_REPORT OK
MSG_M200_INVALID_EXTRUDER OK
MSG_M218_INVALID_EXTRUDER OK
MSG_M221_INVALID_EXTRUDER OK
MSG_MARK_FIL OK
MSG_MAX OK
MSG_MEASURED_OFFSET OK
MSG_MEASURED_SKEW OK
MSG_MENU_BELT_STATUS OK
MSG_MENU_TEMPERATURES OK
MSG_MENU_VOLTAGES OK
MSG_MESH_BED_LEVELING OK
MSG_MIN OK
MSG_MOVE_AXIS OK
MSG_MOVE_CARRIAGE_TO_THE_TOP OK
MSG_MOVE_CARRIAGE_TO_THE_TOP_Z OK
MSG_MOVE_E OK
MSG_MOVE_X OK
MSG_MOVE_Y OK
MSG_MOVE_Z OK
MSG_NEW_FIRMWARE_AVAILABLE OK
MSG_NEW_FIRMWARE_PLEASE_UPGRADE OK
MSG_NO_CARD OK
MSG_NO_MOVE OK
MSG_NOT_COLOR OK
MSG_NOT_LOADED OK
MSG_NOZZLE1 OK
MSG_NOZZLE2 OK
MSG_PAUSE_PRINT OK
MSG_PICK_Z OK
MSG_PID_EXTRUDER OK
MSG_PID_FINISHED OK
MSG_PID_RUNNING OK
MSG_PINDA_NOT_CALIBRATED OK
MSG_PINDA_PREHEAT OK
MSG_PLA_FILAMENT_LOADED OK
MSG_PLANNER_BUFFER_BYTES OK
MSG_PLEASE_LOAD_PLA OK
MSG_PREHEAT OK
MSG_PREPARE_FILAMENT OK
MSG_PRESS OK
MSG_PRESS_TO_PREHEAT OK
MSG_PRINT_PAUSED OK
MSG_PRINTER_DISCONNECTED OK
MSG_PRUSA3D OK
MSG_PRUSA3D_FORUM OK
MSG_PRUSA3D_HOWTO OK
MSG_RECOVERING_PRINT OK
MSG_RESEND OK
MSG_RESUME_PRINT OK
MSG_RESUMING OK
MSG_RESUMING_PRINT OK
MSG_RIGHT OK
MSG_SD_CANT_ENTER_SUBDIR OK
MSG_SD_CANT_OPEN_SUBDIR OK
MSG_SD_CARD_OK OK
MSG_SD_FILE_OPENED OK
MSG_SD_FILE_SELECTED OK
MSG_SD_INIT_FAIL OK
MSG_SD_INSERTED OK
MSG_SD_OPENROOT_FAIL OK
MSG_SD_PRINTING_BYTE OK
MSG_SD_REMOVED OK
MSG_SD_VOL_INIT_FAIL OK
MSG_SD_WRITE_TO_FILE OK
MSG_SECOND_SERIAL_OFF OK
MSG_SECOND_SERIAL_ON OK
MSG_SELFTEST OK
MSG_SELFTEST_AXIS OK
MSG_SELFTEST_AXIS_LENGTH OK
MSG_SELFTEST_BEDHEATER OK
MSG_SELFTEST_ENDSTOP OK
MSG_SELFTEST_ENDSTOP_NOTHIT OK
MSG_SELFTEST_ENDSTOPS OK
MSG_SELFTEST_ERROR OK
MSG_SELFTEST_EXTRUDER_FAN_SPEED OK
MSG_SELFTEST_FANS OK
MSG_SELFTEST_FILAMENT_SENSOR OK
MSG_SELFTEST_HEATERTHERMISTOR OK
MSG_SELFTEST_CHECK_ALLCORRECT OK
MSG_SELFTEST_CHECK_ENDSTOPS OK
MSG_SELFTEST_CHECK_HOTEND OK
MSG_SELFTEST_CHECK_X OK
MSG_SELFTEST_CHECK_Y OK
MSG_SELFTEST_CHECK_Z OK
MSG_SELFTEST_NOTCONNECTED OK
MSG_SELFTEST_OK OK
MSG_SELFTEST_PLEASECHECK OK
MSG_SELFTEST_PRINT_FAN_SPEED OK
MSG_SELFTEST_START OK
MSG_SELFTEST_SWAPPED OK
MSG_SET_TEMPERATURE OK
MSG_SEVERE_SKEW OK
MSG_SHOW_END_STOPS OK
MSG_SLIGHT_SKEW OK
MSG_SORT_ALPHA OK
MSG_SORT_NONE OK
MSG_SORT_TIME OK
MSG_SORTING OK
MSG_SPEED OK
MSG_STACK_ERROR OK
MSG_STATISTICS OK
MSG_STATS_FILAMENTUSED OK
MSG_STATS_PRINTTIME OK
MSG_STATS_TOTALFILAMENT OK
MSG_STATS_TOTALPRINTTIME OK
MSG_STEPPER_TOO_HIGH OK
MSG_SUPPORT OK
MSG_TEMP_CAL_FAILED OK
MSG_TEMP_CAL_WARNING OK
MSG_TEMP_CALIBRATION_OFF OK
MSG_TEMP_CALIBRATION_ON OK
MSG_TEMPERATURE OK
MSG_TOSHIBA_FLASH_AIR_COMPATIBILITY_OFF OK
MSG_TOSHIBA_FLASH_AIR_COMPATIBILITY_ON OK
MSG_TUNE OK
MSG_UNLOAD_ALL OK
MSG_UNLOAD_FILAMENT_1 OK
MSG_UNLOAD_FILAMENT_2 OK
MSG_UNLOAD_FILAMENT_3 OK
MSG_UNLOAD_FILAMENT_4 OK
MSG_UNLOAD_SUCCESSFUL OK
MSG_USED OK
MSG_USERWAIT OK
MSG_V2_CALIBRATION OK
MSG_WAITING_TEMP OK
MSG_WAITING_TEMP_PINDA OK
MSG_WIZARD OK
MSG_WIZARD_CLEAN_HEATBED OK
MSG_WIZARD_FILAMENT_LOADED OK
MSG_WIZARD_INSERT_CORRECT_FILAMENT OK
MSG_WIZARD_LOAD_FILAMENT OK
MSG_WIZARD_PLA_FILAMENT OK
MSG_WIZARD_REPEAT_V2_CAL OK
MSG_WIZARD_RERUN OK
MSG_WIZARD_SELFTEST OK
MSG_WIZARD_V2_CAL OK
MSG_WIZARD_V2_CAL_2 OK
MSG_WIZARD_WELCOME OK
MSG_WIZARD_WILL_PREHEAT OK
MSG_WIZARD_XYZ_CAL OK
MSG_WIZARD_Z_CAL OK
MSG_XYZ_DETAILS OK
MSG_Y_DISTANCE_FROM_MIN OK
